mode: set
github.com/koneal2013/storymetadatagenerator/api/v1/error.go:7.44,9.2 1 0
github.com/koneal2013/storymetadatagenerator/api/v1/storymetadata.go:67.59,68.46 1 1
github.com/koneal2013/storymetadatagenerator/api/v1/storymetadata.go:71.2,73.33 3 1
github.com/koneal2013/storymetadatagenerator/api/v1/storymetadata.go:78.2,79.12 2 0
github.com/koneal2013/storymetadatagenerator/api/v1/storymetadata.go:68.46,70.3 1 0
github.com/koneal2013/storymetadatagenerator/api/v1/storymetadata.go:73.33,77.3 2 1
github.com/koneal2013/storymetadatagenerator/api/v1/storymetadata.go:83.54,84.22 1 0
github.com/koneal2013/storymetadatagenerator/api/v1/storymetadata.go:87.2,88.14 2 0
github.com/koneal2013/storymetadatagenerator/api/v1/storymetadata.go:92.2,93.12 2 0
github.com/koneal2013/storymetadatagenerator/api/v1/storymetadata.go:84.22,86.3 1 0
github.com/koneal2013/storymetadatagenerator/api/v1/storymetadata.go:88.14,91.3 2 0
github.com/koneal2013/storymetadatagenerator/api/v1/storymetadata.go:97.93,100.16 3 1
github.com/koneal2013/storymetadatagenerator/api/v1/storymetadata.go:104.2,104.41 1 1
github.com/koneal2013/storymetadatagenerator/api/v1/storymetadata.go:127.2,127.12 1 1
github.com/koneal2013/storymetadatagenerator/api/v1/storymetadata.go:100.16,102.3 1 0
github.com/koneal2013/storymetadatagenerator/api/v1/storymetadata.go:104.41,112.22 5 1
github.com/koneal2013/storymetadatagenerator/api/v1/storymetadata.go:112.22,116.37 3 1
github.com/koneal2013/storymetadatagenerator/api/v1/storymetadata.go:119.4,119.40 1 1
github.com/koneal2013/storymetadatagenerator/api/v1/storymetadata.go:124.4,124.17 1 1
github.com/koneal2013/storymetadatagenerator/api/v1/storymetadata.go:116.37,118.5 1 1
github.com/koneal2013/storymetadatagenerator/api/v1/storymetadata.go:119.40,123.5 2 0
github.com/koneal2013/storymetadatagenerator/api/v1/storymetadata.go:131.62,142.2 2 0
github.com/koneal2013/storymetadatagenerator/api/v1/storymetadata.go:146.67,147.29 1 0
github.com/koneal2013/storymetadatagenerator/api/v1/storymetadata.go:152.2,152.30 1 0
github.com/koneal2013/storymetadatagenerator/api/v1/storymetadata.go:156.2,158.6 3 0
github.com/koneal2013/storymetadatagenerator/api/v1/storymetadata.go:147.29,151.3 3 0
github.com/koneal2013/storymetadatagenerator/api/v1/storymetadata.go:152.30,154.3 1 0
github.com/koneal2013/storymetadatagenerator/api/v1/storymetadata.go:158.6,159.10 1 0
github.com/koneal2013/storymetadatagenerator/api/v1/storymetadata.go:160.50,161.11 1 0
github.com/koneal2013/storymetadatagenerator/api/v1/storymetadata.go:165.4,165.38 1 0
github.com/koneal2013/storymetadatagenerator/api/v1/storymetadata.go:166.29,172.25 3 0
github.com/koneal2013/storymetadatagenerator/api/v1/storymetadata.go:173.11,174.63 1 0
github.com/koneal2013/storymetadatagenerator/api/v1/storymetadata.go:161.11,164.5 2 0
github.com/koneal2013/storymetadatagenerator/api/v1/storymetadata.go:174.63,178.5 3 0
github.com/koneal2013/storymetadatagenerator/api/v1/storymetadata.go:184.51,186.49 1 0
github.com/koneal2013/storymetadatagenerator/api/v1/storymetadata.go:186.49,187.47 1 0
github.com/koneal2013/storymetadatagenerator/api/v1/storymetadata.go:187.47,188.23 1 0
github.com/koneal2013/storymetadatagenerator/api/v1/storymetadata.go:188.23,191.19 3 0
github.com/koneal2013/storymetadatagenerator/api/v1/storymetadata.go:195.5,198.19 3 0
github.com/koneal2013/storymetadatagenerator/api/v1/storymetadata.go:202.5,203.19 2 0
github.com/koneal2013/storymetadatagenerator/api/v1/storymetadata.go:207.5,208.19 2 0
github.com/koneal2013/storymetadatagenerator/api/v1/storymetadata.go:212.5,213.19 2 0
github.com/koneal2013/storymetadatagenerator/api/v1/storymetadata.go:217.5,220.11 4 0
github.com/koneal2013/storymetadatagenerator/api/v1/storymetadata.go:191.19,194.6 2 0
github.com/koneal2013/storymetadatagenerator/api/v1/storymetadata.go:198.19,201.6 2 0
github.com/koneal2013/storymetadatagenerator/api/v1/storymetadata.go:203.19,206.6 2 0
github.com/koneal2013/storymetadatagenerator/api/v1/storymetadata.go:208.19,211.6 2 0
github.com/koneal2013/storymetadatagenerator/api/v1/storymetadata.go:213.19,216.6 2 0
github.com/koneal2013/storymetadatagenerator/api/v1/storymetadata.go:227.69,231.16 4 0
github.com/koneal2013/storymetadatagenerator/api/v1/storymetadata.go:237.2,238.55 2 0
github.com/koneal2013/storymetadatagenerator/api/v1/storymetadata.go:231.16,236.3 3 0
github.com/koneal2013/storymetadatagenerator/api/v1/storymetadata.go:238.55,239.68 1 0
github.com/koneal2013/storymetadatagenerator/api/v1/storymetadata.go:244.3,245.21 2 0
github.com/koneal2013/storymetadatagenerator/api/v1/storymetadata.go:239.68,243.4 3 0
github.com/koneal2013/storymetadatagenerator/api/v1/storymetadata.go:249.80,251.16 2 0
github.com/koneal2013/storymetadatagenerator/api/v1/storymetadata.go:254.2,255.28 2 0
github.com/koneal2013/storymetadatagenerator/api/v1/storymetadata.go:258.2,258.67 1 0
github.com/koneal2013/storymetadatagenerator/api/v1/storymetadata.go:261.2,261.12 1 0
github.com/koneal2013/storymetadatagenerator/api/v1/storymetadata.go:251.16,253.3 1 0
github.com/koneal2013/storymetadatagenerator/api/v1/storymetadata.go:255.28,257.3 1 0
github.com/koneal2013/storymetadatagenerator/api/v1/storymetadata.go:258.67,260.3 1 0
github.com/koneal2013/storymetadatagenerator/internal/server/grpc.go:41.89,45.47 2 1
github.com/koneal2013/storymetadatagenerator/internal/server/grpc.go:49.2,61.51 3 1
github.com/koneal2013/storymetadatagenerator/internal/server/grpc.go:45.47,47.5 1 1
github.com/koneal2013/storymetadatagenerator/internal/server/grpc.go:61.51,63.3 1 0
github.com/koneal2013/storymetadatagenerator/internal/server/grpc.go:63.8,66.3 2 1
github.com/koneal2013/storymetadatagenerator/internal/server/grpc.go:75.141,77.101 2 1
github.com/koneal2013/storymetadatagenerator/internal/server/grpc.go:82.2,83.16 2 1
github.com/koneal2013/storymetadatagenerator/internal/server/grpc.go:86.2,88.16 3 1
github.com/koneal2013/storymetadatagenerator/internal/server/grpc.go:91.2,92.16 2 1
github.com/koneal2013/storymetadatagenerator/internal/server/grpc.go:95.2,98.8 1 1
github.com/koneal2013/storymetadatagenerator/internal/server/grpc.go:77.101,81.3 3 1
github.com/koneal2013/storymetadatagenerator/internal/server/grpc.go:83.16,85.3 1 0
github.com/koneal2013/storymetadatagenerator/internal/server/grpc.go:88.16,90.3 1 0
github.com/koneal2013/storymetadatagenerator/internal/server/grpc.go:92.16,94.3 1 0
github.com/koneal2013/storymetadatagenerator/internal/server/grpc.go:101.69,107.2 2 1
github.com/koneal2013/storymetadatagenerator/internal/server/grpc.go:109.65,110.45 1 1
github.com/koneal2013/storymetadatagenerator/internal/server/grpc.go:110.45,112.3 1 0
github.com/koneal2013/storymetadatagenerator/internal/server/grpc.go:112.8,112.33 1 1
github.com/koneal2013/storymetadatagenerator/internal/server/grpc.go:112.33,114.3 1 0
github.com/koneal2013/storymetadatagenerator/internal/server/grpc.go:114.8,119.3 4 1
github.com/koneal2013/storymetadatagenerator/internal/server/grpc.go:124.42,126.2 1 1
github.com/koneal2013/storymetadatagenerator/internal/server/http.go:25.50,37.2 6 0
github.com/koneal2013/storymetadatagenerator/internal/server/http.go:45.77,47.2 0 1
github.com/koneal2013/storymetadatagenerator/internal/server/http.go:59.130,63.16 4 1
github.com/koneal2013/storymetadatagenerator/internal/server/http.go:66.2,67.8 2 1
github.com/koneal2013/storymetadatagenerator/internal/server/http.go:63.16,65.3 1 0
